gmm-est --binary=false --min-gaussian-occupancy=3 --mix-up=16200 --write-occs=exp/mono/06.occs exp/mono/05.mdl exp/mono/05.acc exp/mono/06.mdl 
LOG (gmm-est[5.5.0~1-40c7]:MleUpdate():transition-model.cc:528) TransitionModel::Update, objf change is 9.57793e-05 per frame over 255857 frames. 
LOG (gmm-est[5.5.0~1-40c7]:MleUpdate():transition-model.cc:531) 0 probabilities floored, 0 out of 33 transition-states skipped due to insuffient data (it is normal to have some skipped.)
LOG (gmm-est[5.5.0~1-40c7]:main():gmm-est.cc:102) Transition model update: Overall 9.57793e-05 log-like improvement per frame over 255857 frames.
WARNING (gmm-est[5.5.0~1-40c7]:MleDiagGmmUpdate():mle-diag-gmm.cc:359) Too little data - removing Gaussian (weight 0.000205, occupation count 2.232304, vector size 39)
WARNING (gmm-est[5.5.0~1-40c7]:MleDiagGmmUpdate():mle-diag-gmm.cc:359) Too little data - removing Gaussian (weight 0.000233, occupation count 2.544749, vector size 39)
WARNING (gmm-est[5.5.0~1-40c7]:MleDiagGmmUpdate():mle-diag-gmm.cc:359) Too little data - removing Gaussian (weight 0.000179, occupation count 1.956195, vector size 39)
WARNING (gmm-est[5.5.0~1-40c7]:MleDiagGmmUpdate():mle-diag-gmm.cc:359) Too little data - removing Gaussian (weight 0.000214, occupation count 2.335303, vector size 39)
WARNING (gmm-est[5.5.0~1-40c7]:MleDiagGmmUpdate():mle-diag-gmm.cc:359) Too little data - removing Gaussian (weight 0.000230, occupation count 2.504737, vector size 39)
WARNING (gmm-est[5.5.0~1-40c7]:MleDiagGmmUpdate():mle-diag-gmm.cc:359) Too little data - removing Gaussian (weight 0.000178, occupation count 1.941293, vector size 39)
WARNING (gmm-est[5.5.0~1-40c7]:MleDiagGmmUpdate():mle-diag-gmm.cc:359) Too little data - removing Gaussian (weight 0.000385, occupation count 2.840468, vector size 39)
WARNING (gmm-est[5.5.0~1-40c7]:MleDiagGmmUpdate():mle-diag-gmm.cc:359) Too little data - removing Gaussian (weight 0.000337, occupation count 2.484495, vector size 39)
WARNING (gmm-est[5.5.0~1-40c7]:MleDiagGmmUpdate():mle-diag-gmm.cc:359) Too little data - removing Gaussian (weight 0.000391, occupation count 2.888102, vector size 39)
WARNING (gmm-est[5.5.0~1-40c7]:MleDiagGmmUpdate():mle-diag-gmm.cc:359) Too little data - removing Gaussian (weight 0.000343, occupation count 2.530872, vector size 39)
WARNING (gmm-est[5.5.0~1-40c7]:MleDiagGmmUpdate():mle-diag-gmm.cc:359) Too little data - removing Gaussian (weight 0.000314, occupation count 2.319866, vector size 39)
WARNING (gmm-est[5.5.0~1-40c7]:MleDiagGmmUpdate():mle-diag-gmm.cc:359) Too little data - removing Gaussian (weight 0.000363, occupation count 2.683617, vector size 39)
WARNING (gmm-est[5.5.0~1-40c7]:MleDiagGmmUpdate():mle-diag-gmm.cc:359) Too little data - removing Gaussian (weight 0.000378, occupation count 2.789660, vector size 39)
WARNING (gmm-est[5.5.0~1-40c7]:MleDiagGmmUpdate():mle-diag-gmm.cc:359) Too little data - removing Gaussian (weight 0.000584, occupation count 2.541688, vector size 39)
WARNING (gmm-est[5.5.0~1-40c7]:MleDiagGmmUpdate():mle-diag-gmm.cc:359) Too little data - removing Gaussian (weight 0.000396, occupation count 2.572513, vector size 39)
WARNING (gmm-est[5.5.0~1-40c7]:MleDiagGmmUpdate():mle-diag-gmm.cc:359) Too little data - removing Gaussian (weight 0.000452, occupation count 2.938076, vector size 39)
WARNING (gmm-est[5.5.0~1-40c7]:MleDiagGmmUpdate():mle-diag-gmm.cc:359) Too little data - removing Gaussian (weight 0.000455, occupation count 2.958529, vector size 39)
WARNING (gmm-est[5.5.0~1-40c7]:MleDiagGmmUpdate():mle-diag-gmm.cc:359) Too little data - removing Gaussian (weight 0.000452, occupation count 2.936278, vector size 39)
WARNING (gmm-est[5.5.0~1-40c7]:MleDiagGmmUpdate():mle-diag-gmm.cc:359) Too little data - removing Gaussian (weight 0.000461, occupation count 2.863474, vector size 39)
WARNING (gmm-est[5.5.0~1-40c7]:MleDiagGmmUpdate():mle-diag-gmm.cc:359) Too little data - removing Gaussian (weight 0.000468, occupation count 2.905824, vector size 39)
WARNING (gmm-est[5.5.0~1-40c7]:MleDiagGmmUpdate():mle-diag-gmm.cc:359) Too little data - removing Gaussian (weight 0.000398, occupation count 2.539055, vector size 39)
WARNING (gmm-est[5.5.0~1-40c7]:MleDiagGmmUpdate():mle-diag-gmm.cc:359) Too little data - removing Gaussian (weight 0.000408, occupation count 2.605233, vector size 39)
WARNING (gmm-est[5.5.0~1-40c7]:MleDiagGmmUpdate():mle-diag-gmm.cc:359) Too little data - removing Gaussian (weight 0.000410, occupation count 2.615739, vector size 39)
WARNING (gmm-est[5.5.0~1-40c7]:MleDiagGmmUpdate():mle-diag-gmm.cc:359) Too little data - removing Gaussian (weight 0.000381, occupation count 2.428097, vector size 39)
LOG (gmm-est[5.5.0~1-40c7]:MleAmDiagGmmUpdate():mle-am-diag-gmm.cc:225) 0 variance elements floored in 0 Gaussians, out of 12390
LOG (gmm-est[5.5.0~1-40c7]:MleAmDiagGmmUpdate():mle-am-diag-gmm.cc:229) Removed 24 Gaussians due to counts < --min-gaussian-occupancy=3 and --remove-low-count-gaussians=true
LOG (gmm-est[5.5.0~1-40c7]:main():gmm-est.cc:113) GMM update: Overall 0.771734 objective function improvement per frame over 255857 frames
LOG (gmm-est[5.5.0~1-40c7]:main():gmm-est.cc:116) GMM update: Overall avg like per frame = -93.4739 over 255857 frames.
WARNING (gmm-est[5.5.0~1-40c7]:GetSplitTargets():model-common.cc:134) Could not split up to 16200 due to min-count = 20 (or no counts at all)

LOG (gmm-est[5.5.0~1-40c7]:SplitByCount():am-diag-gmm.cc:116) Split 33 states with target = 16200, power = 0.2, perturb_factor = 0.01 and min_count = 20, split #Gauss from 12390 to 12921
LOG (gmm-est[5.5.0~1-40c7]:main():gmm-est.cc:146) Written model to exp/mono/06.mdl
